<?xml version="1.0" encoding="UTF-8"?>
<!-- Generated by org.testng.reporters.JUnitReportReporter -->
<testsuite hostname="Rajeev-Dell" name="testscripts.UsingoneDimension" tests="3" failures="0" timestamp="28 Jan 2017 09:52:35 GMT" time="0.014" errors="0">
  <testcase name="oneDimension" time="0.010" classname="testscripts.UsingoneDimension"/>
  <testcase name="oneDimension" time="0.002" classname="testscripts.UsingoneDimension"/>
  <testcase name="oneDimension" time="0.002" classname="testscripts.UsingoneDimension"/>
</testsuite> <!-- testscripts.UsingoneDimension -->
